2021-12-18 09:55:46.982  INFO 773 --- [main] com.aopdemo.aop.AopApplication           : Starting AopApplication using Java 17.0.1 on faisal-A320M-S2H with PID 773 (/home/faisal/Documents/Aspect Oriented Programming/aop/target/classes started by faisal in /home/faisal/Documents/Aspect Oriented Programming/aop)
2021-12-18 09:55:46.985  INFO 773 --- [main] com.aopdemo.aop.AopApplication           : No active profile set, falling back to default profiles: default
2021-12-18 09:55:48.049  INFO 773 --- [main] o.s.b.w.embedded.tomcat.TomcatWebServer  : Tomcat initialized with port(s): 8080 (http)
2021-12-18 09:55:48.063  INFO 773 --- [main] o.apache.catalina.core.StandardService   : Starting service [Tomcat]
2021-12-18 09:55:48.064  INFO 773 --- [main] org.apache.catalina.core.StandardEngine  : Starting Servlet engine: [Apache Tomcat/9.0.55]
2021-12-18 09:55:48.131  INFO 773 --- [main] o.a.c.c.C.[Tomcat].[localhost].[/]       : Initializing Spring embedded WebApplicationContext
2021-12-18 09:55:48.132  INFO 773 --- [main] w.s.c.ServletWebServerApplicationContext : Root WebApplicationContext: initialization completed in 1079 ms
2021-12-18 09:55:48.472  INFO 773 --- [main] o.s.b.w.embedded.tomcat.TomcatWebServer  : Tomcat started on port(s): 8080 (http) with context path ''
2021-12-18 09:55:48.482  INFO 773 --- [main] com.aopdemo.aop.AopApplication           : Started AopApplication in 2.058 seconds (JVM running for 2.502)
2021-12-18 09:56:19.272  INFO 773 --- [http-nio-8080-exec-2] o.a.c.c.C.[Tomcat].[localhost].[/]       : Initializing Spring DispatcherServlet 'dispatcherServlet'
2021-12-18 09:56:19.273  INFO 773 --- [http-nio-8080-exec-2] o.s.web.servlet.DispatcherServlet        : Initializing Servlet 'dispatcherServlet'
2021-12-18 09:56:19.274  INFO 773 --- [http-nio-8080-exec-2] o.s.web.servlet.DispatcherServlet        : Completed initialization in 1 ms
2021-12-18 09:56:34.836  WARN 773 --- [http-nio-8080-exec-3] .w.s.m.s.DefaultHandlerExceptionResolver : Resolved [org.springframework.web.HttpRequestMethodNotSupportedException: Request method 'GET' not supported]
2021-12-18 10:04:13.209  INFO 982 --- [main] com.aopdemo.aop.AopApplication           : Starting AopApplication using Java 17.0.1 on faisal-A320M-S2H with PID 982 (/home/faisal/Documents/Aspect Oriented Programming/aop/target/classes started by faisal in /home/faisal/Documents/Aspect Oriented Programming/aop)
2021-12-18 10:04:13.213  INFO 982 --- [main] com.aopdemo.aop.AopApplication           : No active profile set, falling back to default profiles: default
2021-12-18 10:04:14.286  INFO 982 --- [main] o.s.b.w.embedded.tomcat.TomcatWebServer  : Tomcat initialized with port(s): 8080 (http)
2021-12-18 10:04:14.298  INFO 982 --- [main] o.apache.catalina.core.StandardService   : Starting service [Tomcat]
2021-12-18 10:04:14.298  INFO 982 --- [main] org.apache.catalina.core.StandardEngine  : Starting Servlet engine: [Apache Tomcat/9.0.55]
2021-12-18 10:04:14.365  INFO 982 --- [main] o.a.c.c.C.[Tomcat].[localhost].[/]       : Initializing Spring embedded WebApplicationContext
2021-12-18 10:04:14.365  INFO 982 --- [main] w.s.c.ServletWebServerApplicationContext : Root WebApplicationContext: initialization completed in 1085 ms
2021-12-18 10:04:14.697  INFO 982 --- [main] o.s.b.w.embedded.tomcat.TomcatWebServer  : Tomcat started on port(s): 8080 (http) with context path ''
2021-12-18 10:04:14.707  INFO 982 --- [main] com.aopdemo.aop.AopApplication           : Started AopApplication in 2.069 seconds (JVM running for 2.527)
2021-12-18 10:04:22.152  INFO 982 --- [http-nio-8080-exec-1] o.a.c.c.C.[Tomcat].[localhost].[/]       : Initializing Spring DispatcherServlet 'dispatcherServlet'
2021-12-18 10:04:22.169  INFO 982 --- [http-nio-8080-exec-1] o.s.web.servlet.DispatcherServlet        : Initializing Servlet 'dispatcherServlet'
2021-12-18 10:04:22.171  INFO 982 --- [http-nio-8080-exec-1] o.s.web.servlet.DispatcherServlet        : Completed initialization in 2 ms
2021-12-18 10:05:32.686  INFO 1074 --- [main] com.aopdemo.aop.AopApplication           : Starting AopApplication using Java 17.0.1 on faisal-A320M-S2H with PID 1074 (/home/faisal/Documents/Aspect Oriented Programming/aop/target/classes started by faisal in /home/faisal/Documents/Aspect Oriented Programming/aop)
2021-12-18 10:05:32.689  INFO 1074 --- [main] com.aopdemo.aop.AopApplication           : No active profile set, falling back to default profiles: default
2021-12-18 10:05:33.752  INFO 1074 --- [main] o.s.b.w.embedded.tomcat.TomcatWebServer  : Tomcat initialized with port(s): 8080 (http)
2021-12-18 10:05:33.765  INFO 1074 --- [main] o.apache.catalina.core.StandardService   : Starting service [Tomcat]
2021-12-18 10:05:33.765  INFO 1074 --- [main] org.apache.catalina.core.StandardEngine  : Starting Servlet engine: [Apache Tomcat/9.0.55]
2021-12-18 10:05:33.826  INFO 1074 --- [main] o.a.c.c.C.[Tomcat].[localhost].[/]       : Initializing Spring embedded WebApplicationContext
2021-12-18 10:05:33.827  INFO 1074 --- [main] w.s.c.ServletWebServerApplicationContext : Root WebApplicationContext: initialization completed in 1077 ms
2021-12-18 10:05:34.171  INFO 1074 --- [main] o.s.b.w.embedded.tomcat.TomcatWebServer  : Tomcat started on port(s): 8080 (http) with context path ''
2021-12-18 10:05:34.181  INFO 1074 --- [main] com.aopdemo.aop.AopApplication           : Started AopApplication in 2.041 seconds (JVM running for 2.476)
2021-12-18 10:05:39.461  INFO 1074 --- [http-nio-8080-exec-2] o.a.c.c.C.[Tomcat].[localhost].[/]       : Initializing Spring DispatcherServlet 'dispatcherServlet'
2021-12-18 10:05:39.782  INFO 1074 --- [http-nio-8080-exec-2] o.s.web.servlet.DispatcherServlet        : Initializing Servlet 'dispatcherServlet'
2021-12-18 10:05:39.784  INFO 1074 --- [http-nio-8080-exec-2] o.s.web.servlet.DispatcherServlet        : Completed initialization in 2 ms
2021-12-18 10:07:25.787  INFO 1161 --- [main] com.aopdemo.aop.AopApplication           : Starting AopApplication using Java 17.0.1 on faisal-A320M-S2H with PID 1161 (/home/faisal/Documents/Aspect Oriented Programming/aop/target/classes started by faisal in /home/faisal/Documents/Aspect Oriented Programming/aop)
2021-12-18 10:07:25.807  INFO 1161 --- [main] com.aopdemo.aop.AopApplication           : No active profile set, falling back to default profiles: default
2021-12-18 10:07:26.773  INFO 1161 --- [main] o.s.b.w.embedded.tomcat.TomcatWebServer  : Tomcat initialized with port(s): 8080 (http)
2021-12-18 10:07:26.784  INFO 1161 --- [main] o.apache.catalina.core.StandardService   : Starting service [Tomcat]
2021-12-18 10:07:26.785  INFO 1161 --- [main] org.apache.catalina.core.StandardEngine  : Starting Servlet engine: [Apache Tomcat/9.0.55]
2021-12-18 10:07:26.840  INFO 1161 --- [main] o.a.c.c.C.[Tomcat].[localhost].[/]       : Initializing Spring embedded WebApplicationContext
2021-12-18 10:07:26.841  INFO 1161 --- [main] w.s.c.ServletWebServerApplicationContext : Root WebApplicationContext: initialization completed in 958 ms
2021-12-18 10:07:27.204  INFO 1161 --- [main] o.s.b.w.embedded.tomcat.TomcatWebServer  : Tomcat started on port(s): 8080 (http) with context path ''
2021-12-18 10:07:27.216  INFO 1161 --- [main] com.aopdemo.aop.AopApplication           : Started AopApplication in 1.986 seconds (JVM running for 2.427)
2021-12-18 10:07:30.095  INFO 1161 --- [http-nio-8080-exec-2] o.a.c.c.C.[Tomcat].[localhost].[/]       : Initializing Spring DispatcherServlet 'dispatcherServlet'
2021-12-18 10:07:30.096  INFO 1161 --- [http-nio-8080-exec-2] o.s.web.servlet.DispatcherServlet        : Initializing Servlet 'dispatcherServlet'
2021-12-18 10:07:30.097  INFO 1161 --- [http-nio-8080-exec-2] o.s.web.servlet.DispatcherServlet        : Completed initialization in 1 ms
2021-12-18 10:08:25.996  INFO 1246 --- [main] com.aopdemo.aop.AopApplication           : Starting AopApplication using Java 17.0.1 on faisal-A320M-S2H with PID 1246 (/home/faisal/Documents/Aspect Oriented Programming/aop/target/classes started by faisal in /home/faisal/Documents/Aspect Oriented Programming/aop)
2021-12-18 10:08:26.014  INFO 1246 --- [main] com.aopdemo.aop.AopApplication           : No active profile set, falling back to default profiles: default
2021-12-18 10:08:26.966  INFO 1246 --- [main] o.s.b.w.embedded.tomcat.TomcatWebServer  : Tomcat initialized with port(s): 8080 (http)
2021-12-18 10:08:26.979  INFO 1246 --- [main] o.apache.catalina.core.StandardService   : Starting service [Tomcat]
2021-12-18 10:08:26.980  INFO 1246 --- [main] org.apache.catalina.core.StandardEngine  : Starting Servlet engine: [Apache Tomcat/9.0.55]
2021-12-18 10:08:27.043  INFO 1246 --- [main] o.a.c.c.C.[Tomcat].[localhost].[/]       : Initializing Spring embedded WebApplicationContext
2021-12-18 10:08:27.043  INFO 1246 --- [main] w.s.c.ServletWebServerApplicationContext : Root WebApplicationContext: initialization completed in 959 ms
2021-12-18 10:08:27.417  INFO 1246 --- [main] o.s.b.w.embedded.tomcat.TomcatWebServer  : Tomcat started on port(s): 8080 (http) with context path ''
2021-12-18 10:08:27.427  INFO 1246 --- [main] com.aopdemo.aop.AopApplication           : Started AopApplication in 2.03 seconds (JVM running for 2.502)
2021-12-18 10:08:30.664  INFO 1246 --- [http-nio-8080-exec-2] o.a.c.c.C.[Tomcat].[localhost].[/]       : Initializing Spring DispatcherServlet 'dispatcherServlet'
2021-12-18 10:08:30.665  INFO 1246 --- [http-nio-8080-exec-2] o.s.web.servlet.DispatcherServlet        : Initializing Servlet 'dispatcherServlet'
2021-12-18 10:08:30.668  INFO 1246 --- [http-nio-8080-exec-2] o.s.web.servlet.DispatcherServlet        : Completed initialization in 2 ms
2021-12-18 10:08:46.533  INFO 1329 --- [main] com.aopdemo.aop.AopApplication           : Starting AopApplication using Java 17.0.1 on faisal-A320M-S2H with PID 1329 (/home/faisal/Documents/Aspect Oriented Programming/aop/target/classes started by faisal in /home/faisal/Documents/Aspect Oriented Programming/aop)
2021-12-18 10:08:46.536  INFO 1329 --- [main] com.aopdemo.aop.AopApplication           : No active profile set, falling back to default profiles: default
2021-12-18 10:08:47.617  INFO 1329 --- [main] o.s.b.w.embedded.tomcat.TomcatWebServer  : Tomcat initialized with port(s): 8080 (http)
2021-12-18 10:08:47.629  INFO 1329 --- [main] o.apache.catalina.core.StandardService   : Starting service [Tomcat]
2021-12-18 10:08:47.630  INFO 1329 --- [main] org.apache.catalina.core.StandardEngine  : Starting Servlet engine: [Apache Tomcat/9.0.55]
2021-12-18 10:08:47.699  INFO 1329 --- [main] o.a.c.c.C.[Tomcat].[localhost].[/]       : Initializing Spring embedded WebApplicationContext
2021-12-18 10:08:47.700  INFO 1329 --- [main] w.s.c.ServletWebServerApplicationContext : Root WebApplicationContext: initialization completed in 1078 ms
2021-12-18 10:08:48.079  INFO 1329 --- [main] o.s.b.w.embedded.tomcat.TomcatWebServer  : Tomcat started on port(s): 8080 (http) with context path ''
2021-12-18 10:08:48.092  INFO 1329 --- [main] com.aopdemo.aop.AopApplication           : Started AopApplication in 2.063 seconds (JVM running for 2.475)
2021-12-18 10:08:51.363  INFO 1329 --- [http-nio-8080-exec-2] o.a.c.c.C.[Tomcat].[localhost].[/]       : Initializing Spring DispatcherServlet 'dispatcherServlet'
2021-12-18 10:08:51.363  INFO 1329 --- [http-nio-8080-exec-2] o.s.web.servlet.DispatcherServlet        : Initializing Servlet 'dispatcherServlet'
2021-12-18 10:08:51.365  INFO 1329 --- [http-nio-8080-exec-2] o.s.web.servlet.DispatcherServlet        : Completed initialization in 1 ms
2021-12-18 10:15:12.006  INFO 1431 --- [main] com.aopdemo.aop.AopApplication           : Starting AopApplication using Java 17.0.1 on faisal-A320M-S2H with PID 1431 (/home/faisal/Documents/Aspect Oriented Programming/aop/target/classes started by faisal in /home/faisal/Documents/Aspect Oriented Programming/aop)
2021-12-18 10:15:12.017  INFO 1431 --- [main] com.aopdemo.aop.AopApplication           : No active profile set, falling back to default profiles: default
2021-12-18 10:15:13.155  INFO 1431 --- [main] o.s.b.w.embedded.tomcat.TomcatWebServer  : Tomcat initialized with port(s): 8080 (http)
2021-12-18 10:15:13.169  INFO 1431 --- [main] o.apache.catalina.core.StandardService   : Starting service [Tomcat]
2021-12-18 10:15:13.169  INFO 1431 --- [main] org.apache.catalina.core.StandardEngine  : Starting Servlet engine: [Apache Tomcat/9.0.55]
2021-12-18 10:15:13.232  INFO 1431 --- [main] o.a.c.c.C.[Tomcat].[localhost].[/]       : Initializing Spring embedded WebApplicationContext
2021-12-18 10:15:13.233  INFO 1431 --- [main] w.s.c.ServletWebServerApplicationContext : Root WebApplicationContext: initialization completed in 1133 ms
2021-12-18 10:15:13.623  INFO 1431 --- [main] o.s.b.w.embedded.tomcat.TomcatWebServer  : Tomcat started on port(s): 8080 (http) with context path ''
2021-12-18 10:15:13.636  INFO 1431 --- [main] com.aopdemo.aop.AopApplication           : Started AopApplication in 2.25 seconds (JVM running for 2.66)
2021-12-18 10:15:35.172  INFO 1431 --- [http-nio-8080-exec-2] o.a.c.c.C.[Tomcat].[localhost].[/]       : Initializing Spring DispatcherServlet 'dispatcherServlet'
2021-12-18 10:15:35.172  INFO 1431 --- [http-nio-8080-exec-2] o.s.web.servlet.DispatcherServlet        : Initializing Servlet 'dispatcherServlet'
2021-12-18 10:15:35.174  INFO 1431 --- [http-nio-8080-exec-2] o.s.web.servlet.DispatcherServlet        : Completed initialization in 1 ms
2021-12-18 10:18:03.535  INFO 1526 --- [main] com.aopdemo.aop.AopApplication           : Starting AopApplication using Java 17.0.1 on faisal-A320M-S2H with PID 1526 (/home/faisal/Documents/Aspect Oriented Programming/aop/target/classes started by faisal in /home/faisal/Documents/Aspect Oriented Programming/aop)
2021-12-18 10:18:03.552  INFO 1526 --- [main] com.aopdemo.aop.AopApplication           : No active profile set, falling back to default profiles: default
2021-12-18 10:18:04.737  INFO 1526 --- [main] o.s.b.w.embedded.tomcat.TomcatWebServer  : Tomcat initialized with port(s): 8080 (http)
2021-12-18 10:18:04.748  INFO 1526 --- [main] o.apache.catalina.core.StandardService   : Starting service [Tomcat]
2021-12-18 10:18:04.749  INFO 1526 --- [main] org.apache.catalina.core.StandardEngine  : Starting Servlet engine: [Apache Tomcat/9.0.55]
2021-12-18 10:18:04.810  INFO 1526 --- [main] o.a.c.c.C.[Tomcat].[localhost].[/]       : Initializing Spring embedded WebApplicationContext
2021-12-18 10:18:04.810  INFO 1526 --- [main] w.s.c.ServletWebServerApplicationContext : Root WebApplicationContext: initialization completed in 1182 ms
2021-12-18 10:18:05.249  INFO 1526 --- [main] o.s.b.w.embedded.tomcat.TomcatWebServer  : Tomcat started on port(s): 8080 (http) with context path ''
2021-12-18 10:18:05.261  INFO 1526 --- [main] com.aopdemo.aop.AopApplication           : Started AopApplication in 2.261 seconds (JVM running for 2.639)
2021-12-18 10:18:09.382  INFO 1526 --- [http-nio-8080-exec-1] o.a.c.c.C.[Tomcat].[localhost].[/]       : Initializing Spring DispatcherServlet 'dispatcherServlet'
2021-12-18 10:18:09.383  INFO 1526 --- [http-nio-8080-exec-1] o.s.web.servlet.DispatcherServlet        : Initializing Servlet 'dispatcherServlet'
2021-12-18 10:18:09.384  INFO 1526 --- [http-nio-8080-exec-1] o.s.web.servlet.DispatcherServlet        : Completed initialization in 1 ms
2021-12-18 10:18:09.472  INFO 1526 --- [http-nio-8080-exec-1] c.a.aop.aspect.EmployeeServiceAspect     : Before Method: Employee com.aopdemo.aop.Service.EmployeeService.createEmployee(String,String,int)
2021-12-18 10:18:09.477  INFO 1526 --- [http-nio-8080-exec-1] c.a.aop.aspect.EmployeeServiceAspect     : Creating Employee with name- faisaland age- 21
2021-12-18 10:18:37.079  INFO 1609 --- [main] com.aopdemo.aop.AopApplication           : Starting AopApplication using Java 17.0.1 on faisal-A320M-S2H with PID 1609 (/home/faisal/Documents/Aspect Oriented Programming/aop/target/classes started by faisal in /home/faisal/Documents/Aspect Oriented Programming/aop)
2021-12-18 10:18:37.083  INFO 1609 --- [main] com.aopdemo.aop.AopApplication           : No active profile set, falling back to default profiles: default
2021-12-18 10:18:38.262  INFO 1609 --- [main] o.s.b.w.embedded.tomcat.TomcatWebServer  : Tomcat initialized with port(s): 8080 (http)
2021-12-18 10:18:38.274  INFO 1609 --- [main] o.apache.catalina.core.StandardService   : Starting service [Tomcat]
2021-12-18 10:18:38.274  INFO 1609 --- [main] org.apache.catalina.core.StandardEngine  : Starting Servlet engine: [Apache Tomcat/9.0.55]
2021-12-18 10:18:38.333  INFO 1609 --- [main] o.a.c.c.C.[Tomcat].[localhost].[/]       : Initializing Spring embedded WebApplicationContext
2021-12-18 10:18:38.333  INFO 1609 --- [main] w.s.c.ServletWebServerApplicationContext : Root WebApplicationContext: initialization completed in 1175 ms
2021-12-18 10:18:38.698  INFO 1609 --- [main] o.s.b.w.embedded.tomcat.TomcatWebServer  : Tomcat started on port(s): 8080 (http) with context path ''
2021-12-18 10:18:38.709  INFO 1609 --- [main] com.aopdemo.aop.AopApplication           : Started AopApplication in 2.154 seconds (JVM running for 2.547)
2021-12-18 10:18:47.110  INFO 1609 --- [http-nio-8080-exec-2] o.a.c.c.C.[Tomcat].[localhost].[/]       : Initializing Spring DispatcherServlet 'dispatcherServlet'
2021-12-18 10:18:47.110  INFO 1609 --- [http-nio-8080-exec-2] o.s.web.servlet.DispatcherServlet        : Initializing Servlet 'dispatcherServlet'
2021-12-18 10:18:47.111  INFO 1609 --- [http-nio-8080-exec-2] o.s.web.servlet.DispatcherServlet        : Completed initialization in 0 ms
2021-12-18 10:18:47.200  INFO 1609 --- [http-nio-8080-exec-2] c.a.aop.aspect.EmployeeServiceAspect     : Before Method: Employee com.aopdemo.aop.Service.EmployeeService.createEmployee(String,String,int)
2021-12-18 10:18:47.205  INFO 1609 --- [http-nio-8080-exec-2] c.a.aop.aspect.EmployeeServiceAspect     : Creating Employee with name- faisal and age- 21
2021-12-18 10:19:17.122  INFO 1609 --- [http-nio-8080-exec-3] c.a.aop.aspect.EmployeeServiceAspect     : Before Method: Employee com.aopdemo.aop.Service.EmployeeService.createEmployee(String,String,int)
2021-12-18 10:19:17.149  INFO 1609 --- [http-nio-8080-exec-3] c.a.aop.aspect.EmployeeServiceAspect     : Creating Employee with name- vasu and age- 32
